  Transform.cpp
  GameObject.cpp
c:\users\jamie\desktop\game-3015-adam-jamie\ajgame\ajgame\engine\components\../Components.h(12): error C2011: 'Components': 'class' type redefinition
  c:\users\jamie\desktop\game-3015-adam-jamie\ajgame\ajgame\engine\components\../Components.h(12): note: see declaration of 'Components'
c:\users\jamie\desktop\game-3015-adam-jamie\ajgame\ajgame\engine\Components/Transform.h(12): error C2504: 'Components': base class undefined
Engine\GameObject.cpp(9): error C2027: use of undefined type 'Components'
  c:\users\jamie\desktop\game-3015-adam-jamie\ajgame\ajgame\engine\components\../Components.h(12): note: see declaration of 'Components'
Engine\GameObject.cpp(9): error C2227: left of '->Awake' must point to class/struct/union/generic type
Engine\GameObject.cpp(17): error C2027: use of undefined type 'Components'
  c:\users\jamie\desktop\game-3015-adam-jamie\ajgame\ajgame\engine\components\../Components.h(12): note: see declaration of 'Components'
Engine\GameObject.cpp(17): error C2227: left of '->Start' must point to class/struct/union/generic type
Engine\GameObject.cpp(37): error C2027: use of undefined type 'Components'
  c:\users\jamie\desktop\game-3015-adam-jamie\ajgame\ajgame\engine\components\../Components.h(12): note: see declaration of 'Components'
Engine\GameObject.cpp(37): error C2227: left of '->Update' must point to class/struct/union/generic type
Engine\GameObject.cpp(45): error C2027: use of undefined type 'Components'
  c:\users\jamie\desktop\game-3015-adam-jamie\ajgame\ajgame\engine\components\../Components.h(12): note: see declaration of 'Components'
Engine\GameObject.cpp(45): error C2227: left of '->LateUpdate' must point to class/struct/union/generic type
  FluxEngine.cpp
c:\users\jamie\desktop\game-3015-adam-jamie\ajgame\ajgame\engine\components\../Components.h(12): error C2011: 'Components': 'class' type redefinition
  c:\users\jamie\desktop\game-3015-adam-jamie\ajgame\ajgame\engine\components\../Components.h(12): note: see declaration of 'Components'
c:\users\jamie\desktop\game-3015-adam-jamie\ajgame\ajgame\engine\Components/Transform.h(12): error C2504: 'Components': base class undefined
  Game.cpp
c:\users\jamie\desktop\game-3015-adam-jamie\ajgame\ajgame\engine\components\../Components.h(12): error C2011: 'Components': 'class' type redefinition
  c:\users\jamie\desktop\game-3015-adam-jamie\ajgame\ajgame\engine\components\../Components.h(12): note: see declaration of 'Components'
c:\users\jamie\desktop\game-3015-adam-jamie\ajgame\ajgame\engine\Components/Transform.h(12): error C2504: 'Components': base class undefined
  Managercpp.cpp
c:\users\jamie\desktop\game-3015-adam-jamie\ajgame\ajgame\engine\components\../Components.h(12): error C2011: 'Components': 'class' type redefinition
  c:\users\jamie\desktop\game-3015-adam-jamie\ajgame\ajgame\engine\components\../Components.h(12): note: see declaration of 'Components'
c:\users\jamie\desktop\game-3015-adam-jamie\ajgame\ajgame\engine\Components/Transform.h(12): error C2504: 'Components': base class undefined
  SplashScreen.cpp
c:\users\jamie\desktop\game-3015-adam-jamie\ajgame\ajgame\engine\components\../Components.h(12): error C2011: 'Components': 'class' type redefinition
  c:\users\jamie\desktop\game-3015-adam-jamie\ajgame\ajgame\engine\components\../Components.h(12): note: see declaration of 'Components'
c:\users\jamie\desktop\game-3015-adam-jamie\ajgame\ajgame\engine\Components/Transform.h(12): error C2504: 'Components': base class undefined
